<?xml version='1.0' encoding='UTF-8' ?>
<testsuite name="com.example.trojan0project.BrowseImagesAdminTest" tests="1" failures="0" errors="0" skipped="0" time="6.153" timestamp="2024-11-06T19:30:29" hostname="localhost">
  <properties>
    <property name="device" value="Pixel_2_API_35(AVD) - 15" />
    <property name="flavor" value="" />
    <property name="project" value=":app" />
  </properties>
  <testcase name="testGetEventImages" classname="com.example.trojan0project.BrowseImagesAdminTest" time="4.647" />
</testsuite>