<?xml version='1.0' encoding='UTF-8' ?>
<testsuite name="com.example.trojan0project.ProfileBrowseDeleteTest" tests="1" failures="0" errors="0" skipped="0" time="6.32" timestamp="2024-11-05T23:10:48" hostname="localhost">
  <properties>
    <property name="device" value="Pixel_2_API_35(AVD) - 15" />
    <property name="flavor" value="" />
    <property name="project" value=":app" />
  </properties>
  <testcase name="testBrowseProfiles" classname="com.example.trojan0project.ProfileBrowseDeleteTest" time="4.737" />
</testsuite>