<?xml version='1.0' encoding='UTF-8' ?>
<testsuite name="com.example.trojan0project.EventActivityTest" tests="1" failures="1" errors="0" skipped="0" time="7.111" timestamp="2024-11-08T07:35:34" hostname="localhost">
  <properties>
    <property name="device" value="Medium_Phone_API_35(AVD) - 15" />
    <property name="flavor" value="" />
    <property name="project" value=":app" />
  </properties>
  <testcase name="testDeleteQR" classname="com.example.trojan0project.EventActivityTest" time="5.966">
    <failure>androidx.test.espresso.PerformException: Error performing 'load adapter data' on view 'Animations or transitions are enabled on the target device.
For more info check: https://developer.android.com/training/testing/espresso/setup#set-up-environment

view.getId() is &lt;2131361866/com.example.trojan0project:id/admin_events_list&gt;'.
at androidx.test.espresso.PerformException$Builder.build(PerformException.java:86)
at androidx.test.espresso.base.PerformExceptionHandler.handleSafely(PerformExceptionHandler.java:56)
at androidx.test.espresso.base.PerformExceptionHandler.handleSafely(PerformExceptionHandler.java:31)
at androidx.test.espresso.base.DefaultFailureHandler$TypedFailureHandler.handle(DefaultFailureHandler.java:158)
at androidx.test.espresso.base.DefaultFailureHandler.handle(DefaultFailureHandler.java:120)
at androidx.test.espresso.ViewInteraction.waitForAndHandleInteractionResults(ViewInteraction.java:385)
at androidx.test.espresso.ViewInteraction.desugaredPerform(ViewInteraction.java:212)
at androidx.test.espresso.ViewInteraction.perform(ViewInteraction.java:140)
at androidx.test.espresso.DataInteraction$DisplayDataMatcher.lambda$new$0(DataInteraction.java:213)
at androidx.test.espresso.DataInteraction$DisplayDataMatcher$$ExternalSyntheticLambda0.invoke(D8$$SyntheticClass:0)
at androidx.test.espresso.DataInteraction$DisplayDataMatcher.&lt;init&gt;(DataInteraction.java:229)
at androidx.test.espresso.DataInteraction$DisplayDataMatcher.&lt;init&gt;(DataInteraction.java:207)
at androidx.test.espresso.DataInteraction$DisplayDataMatcher.displayDataMatcher(DataInteraction.java:277)
at androidx.test.espresso.DataInteraction.makeTargetMatcher(DataInteraction.java:152)
at androidx.test.espresso.DataInteraction.perform(DataInteraction.java:137)
at com.example.trojan0project.EventActivityTest.testDeleteQR(EventActivityTest.java:90)
... 33 trimmed
Caused by: java.lang.RuntimeException: No data found matching: ANYTHING contained values: &lt;[]&gt;
at androidx.test.espresso.action.AdapterDataLoaderAction.perform(AdapterDataLoaderAction.java:107)
at androidx.test.espresso.ViewInteraction$SingleExecutionViewAction.perform(ViewInteraction.java:429)
at androidx.test.espresso.ViewInteraction.doPerform(ViewInteraction.java:297)
at androidx.test.espresso.ViewInteraction.access$300(ViewInteraction.java:70)
at androidx.test.espresso.ViewInteraction$1.call(ViewInteraction.java:193)
at androidx.test.espresso.ViewInteraction$1.call(ViewInteraction.java:182)
at java.util.concurrent.FutureTask.run(FutureTask.java:264)
at android.os.Handler.handleCallback(Handler.java:959)
at android.os.Handler.dispatchMessage(Handler.java:100)
at android.os.Looper.loopOnce(Looper.java:232)
at android.os.Looper.loop(Looper.java:317)
at android.app.ActivityThread.main(ActivityThread.java:8705)
at java.lang.reflect.Method.invoke(Native Method)
at com.android.internal.os.RuntimeInit$MethodAndArgsCaller.run(RuntimeInit.java:580)
at com.android.internal.os.ZygoteInit.main(ZygoteInit.java:886)
</failure>
  </testcase>
</testsuite>